<?xml version="1.0" encoding="UTF-8"?>
<testsuite xmlns:xsi="http://www.w3.org/2001/XMLSchema-instance" xsi:noNamespaceSchemaLocation="https://maven.apache.org/surefire/maven-surefire-plugin/xsd/surefire-test-report.xsd" version="3.0.2" name="com.example.jenkins_maven_lab.JenkinsMavenLabApplicationTests" time="1.301" tests="1" errors="0" skipped="0" failures="0" flakes="0">
  <properties>
[...]
</properties>
  <testcase name="contextLoads" classname="com.example.jenkins_maven_lab.JenkinsMavenLabApplicationTests" time="0.396">
    <system-out><![CDATA[16:57:32.853 [main] INFO org.springframework.test.context.support.AnnotationConfigContextLoaderUtils -- Could not detect default configuration classes for test class [com.example.jenkins_maven_lab.JenkinsMavenLabApplicationTests]: JenkinsMavenLabApplicationTests does not declare any static, non-private, non-final, nested classes annotated with @Configuration.
16:57:32.906 [main] INFO org.springframework.boot.test.context.SpringBootTestContextBootstrapper -- Found @SpringBootConfiguration com.example.jenkins_maven_lab.JenkinsMavenLabApplication for test class com.example.jenkins_maven_lab.JenkinsMavenLabApplicationTests
16:57:32.951 [main] INFO org.springframework.test.context.support.AnnotationConfigContextLoaderUtils -- Could not detect default configuration classes for test class [com.example.jenkins_maven_lab.JenkinsMavenLabApplicationTests]: JenkinsMavenLabApplicationTests does not declare any static, non-private, non-final, nested classes annotated with @Configuration.
16:57:32.952 [main] INFO org.springframework.boot.test.context.SpringBootTestContextBootstrapper -- Found @SpringBootConfiguration com.example.jenkins_maven_lab.JenkinsMavenLabApplication for test class com.example.jenkins_maven_lab.JenkinsMavenLabApplicationTests
16:57:32.992 [main] INFO org.springframework.boot.devtools.restart.RestartApplicationListener -- Restart disabled due to context in which it is running

  .   ____          _            __ _ _
 /\\ / ___'_ __ _ _(_)_ __  __ _ \ \ \ \
( ( )\___ | '_ | '_| | '_ \/ _` | \ \ \ \
 \\/  ___)| |_)| | | | | || (_| |  ) ) ) )
  '  |____| .__|_| |_|_| |_\__, | / / / /
 =========|_|==============|___/=/_/_/_/

 :: Spring Boot ::                (v4.1.1)

2026-09-15T16:57:33.122+09:00  INFO 57300 --- [jenkins-maven-lab] [           main] c.e.j.JenkinsMavenLabApplicationTests    : Starting JenkinsMavenLabApplicationTests using Java 26.0.2.1 with PID 57300 (started by sumi in /Users/sumi/개발/IntelliJ/jenkins-maven-lab)
2026-09-15T16:57:33.123+09:00  INFO 57300 --- [jenkins-maven-lab] [           main] c.e.j.JenkinsMavenLabApplicationTests    : No active profile set, falling back to 1 default profile: "default"
2026-09-15T16:57:33.661+09:00  INFO 57300 --- [jenkins-maven-lab] [           main] c.e.j.JenkinsMavenLabApplicationTests    : Started JenkinsMavenLabApplicationTests in 0.674 seconds (process running for 1.241)
]]></system-out>
    <system-err><![CDATA[Mockito is currently self-attaching to enable the inline-mock-maker. This will no longer work in future releases of the JDK. Please add Mockito as an agent to your build as described in Mockito's documentation: https://javadoc.io/doc/org.mockito/mockito-core/latest/org.mockito/org/mockito/Mockito.html#0.3
WARNING: A Java agent has been loaded dynamically (/Users/sumi/.m2/repository/net/bytebuddy/byte-buddy-agent/1.18.11/byte-buddy-agent-1.18.11.jar)
WARNING: If a serviceability tool is in use, please run with -XX:+EnableDynamicAgentLoading to hide this warning
WARNING: If a serviceability tool is not in use, please run with -Djdk.instrument.traceUsage for more information
WARNING: Dynamic loading of agents will be disallowed by default in a future release
]]></system-err>
  </testcase>
</testsuite>